15:43:02.165 [pool-1-thread-2] INFO  o.a.AndroidAnnotationProcessor:85 - Initialize AndroidAnnotations 3.0.1 with options {}
15:43:02.210 [pool-1-thread-2] INFO  o.a.AndroidAnnotationProcessor:109 - Start processing for 2 annotations on 112 elements
15:43:02.230 [pool-1-thread-2] DEBUG o.a.h.AndroidManifestFinder:137 - AndroidManifest.xml file found in parent folder F:\android_base_proj\AndroidLibrary: F:\android_base_proj\AndroidLibrary\AndroidManifest.xml
15:43:02.306 [pool-1-thread-2] INFO  o.a.AndroidAnnotationProcessor:172 - AndroidManifest.xml found: AndroidManifest [applicationPackage=com.projectzero.library, componentQualifiedNames=[], permissionQualifiedNames=[], applicationClassName=null, libraryProject=false, debugabble=false, minSdkVersion=14, maxSdkVersion=-1, targetSdkVersion=19]
15:43:02.307 [pool-1-thread-2] INFO  o.a.r.ProjectRClassFinder:50 - Found project R class: com.projectzero.library.R
15:43:02.310 [pool-1-thread-2] INFO  o.a.r.AndroidRClassFinder:44 - Found Android class: android.R
15:43:02.342 [pool-1-thread-2] INFO  o.a.p.ModelValidator:42 - Validating elements
15:43:02.342 [pool-1-thread-2] DEBUG o.a.p.ModelValidator:62 - Validating with EActivityHandler: [com.projectzero.library.base.BaseActivity]
15:43:02.345 [pool-1-thread-2] WARN  o.a.h.AnnotationHelper:110 - The component BaseActivity_ is not registered in the AndroidManifest.xml file.
15:43:02.345 [pool-1-thread-2] DEBUG o.a.p.ModelValidator:62 - Validating with UiThreadHandler: [renderViewVisble(android.view.View,int), showLoadingProgress(int,java.lang.String...), closeLoadingProgress(), showToast(java.lang.String,int), showWarningDialog(java.lang.String,java.lang.String,android.content.DialogInterface.OnClickListener), showWarningDialog(java.lang.String,java.lang.String,android.content.DialogInterface.OnClickListener,android.content.DialogInterface.OnClickListener), closeWarningDialog(), onUiFinish()]
15:43:02.351 [pool-1-thread-2] INFO  o.a.p.ModelProcessor:73 - Processing root elements
15:43:02.351 [pool-1-thread-2] DEBUG o.a.p.ModelProcessor:80 - Processing root elements EActivityHandler: [com.projectzero.library.base.BaseActivity]
15:43:02.367 [pool-1-thread-2] INFO  o.a.p.ModelProcessor:104 - Processing enclosed elements
15:43:02.370 [pool-1-thread-2] INFO  o.a.AndroidAnnotationProcessor:251 - Number of files generated by AndroidAnnotations: 1
15:43:02.371 [pool-1-thread-2] INFO  o.a.g.ApiCodeGenerator:52 - Writting following API classes in project: []
15:43:02.372 [pool-1-thread-2] DEBUG o.a.g.SourceCodewriter:55 - Generating class: com.projectzero.library.base.BaseActivity_
15:43:02.384 [pool-1-thread-2] INFO  o.a.p.TimeStats:81 - Time measurements: [Whole Processing = 174 ms], [Extract Manifest = 77 ms], [Process Annotations = 24 ms], [Extract Annotations = 19 ms], [Generate Sources = 14 ms], [Find R Classes = 9 ms], [Validate Annotations = 5 ms], 
15:43:02.384 [pool-1-thread-2] INFO  o.a.AndroidAnnotationProcessor:123 - Finish processing
15:43:36.65 [pool-1-thread-2] INFO  o.a.AndroidAnnotationProcessor:85 - Initialize AndroidAnnotations 3.0.1 with options {}
15:43:36.107 [pool-1-thread-2] INFO  o.a.AndroidAnnotationProcessor:109 - Start processing for 2 annotations on 112 elements
15:43:36.123 [pool-1-thread-2] DEBUG o.a.h.AndroidManifestFinder:137 - AndroidManifest.xml file found in parent folder F:\android_base_proj\AndroidLibrary: F:\android_base_proj\AndroidLibrary\AndroidManifest.xml
15:43:36.130 [pool-1-thread-2] INFO  o.a.AndroidAnnotationProcessor:172 - AndroidManifest.xml found: AndroidManifest [applicationPackage=com.projectzero.library, componentQualifiedNames=[], permissionQualifiedNames=[], applicationClassName=null, libraryProject=false, debugabble=false, minSdkVersion=14, maxSdkVersion=-1, targetSdkVersion=19]
15:43:36.131 [pool-1-thread-2] INFO  o.a.r.ProjectRClassFinder:50 - Found project R class: com.projectzero.library.R
15:43:36.134 [pool-1-thread-2] INFO  o.a.r.AndroidRClassFinder:44 - Found Android class: android.R
15:43:36.148 [pool-1-thread-2] INFO  o.a.p.ModelValidator:42 - Validating elements
15:43:36.148 [pool-1-thread-2] DEBUG o.a.p.ModelValidator:62 - Validating with EActivityHandler: [com.projectzero.library.base.BaseActivity]
15:43:36.151 [pool-1-thread-2] WARN  o.a.h.AnnotationHelper:110 - The component BaseActivity_ is not registered in the AndroidManifest.xml file.
15:43:36.151 [pool-1-thread-2] DEBUG o.a.p.ModelValidator:62 - Validating with UiThreadHandler: [renderViewVisble(android.view.View,int), showLoadingProgress(int,java.lang.String...), closeLoadingProgress(), showToast(java.lang.String,int), showWarningDialog(java.lang.String,java.lang.String,android.content.DialogInterface.OnClickListener), showWarningDialog(java.lang.String,java.lang.String,android.content.DialogInterface.OnClickListener,android.content.DialogInterface.OnClickListener), closeWarningDialog(), onUiFinish()]
15:43:36.157 [pool-1-thread-2] INFO  o.a.p.ModelProcessor:73 - Processing root elements
15:43:36.158 [pool-1-thread-2] DEBUG o.a.p.ModelProcessor:80 - Processing root elements EActivityHandler: [com.projectzero.library.base.BaseActivity]
15:43:36.174 [pool-1-thread-2] INFO  o.a.p.ModelProcessor:104 - Processing enclosed elements
15:43:36.177 [pool-1-thread-2] INFO  o.a.AndroidAnnotationProcessor:251 - Number of files generated by AndroidAnnotations: 1
15:43:36.178 [pool-1-thread-2] INFO  o.a.g.ApiCodeGenerator:52 - Writting following API classes in project: []
15:43:36.179 [pool-1-thread-2] DEBUG o.a.g.SourceCodewriter:55 - Generating class: com.projectzero.library.base.BaseActivity_
15:43:36.191 [pool-1-thread-2] INFO  o.a.p.TimeStats:81 - Time measurements: [Whole Processing = 84 ms], [Process Annotations = 24 ms], [Extract Annotations = 15 ms], [Generate Sources = 14 ms], [Find R Classes = 11 ms], [Extract Manifest = 8 ms], [Validate Annotations = 5 ms], 
15:43:36.191 [pool-1-thread-2] INFO  o.a.AndroidAnnotationProcessor:123 - Finish processing
15:45:07.348 [pool-1-thread-2] INFO  o.a.AndroidAnnotationProcessor:85 - Initialize AndroidAnnotations 3.0.1 with options {}
15:45:07.399 [pool-1-thread-2] INFO  o.a.AndroidAnnotationProcessor:109 - Start processing for 2 annotations on 112 elements
15:45:07.418 [pool-1-thread-2] DEBUG o.a.h.AndroidManifestFinder:137 - AndroidManifest.xml file found in parent folder F:\android_base_proj\AndroidLibrary: F:\android_base_proj\AndroidLibrary\AndroidManifest.xml
15:45:07.429 [pool-1-thread-2] INFO  o.a.AndroidAnnotationProcessor:172 - AndroidManifest.xml found: AndroidManifest [applicationPackage=com.projectzero.library, componentQualifiedNames=[], permissionQualifiedNames=[], applicationClassName=null, libraryProject=false, debugabble=false, minSdkVersion=14, maxSdkVersion=-1, targetSdkVersion=19]
15:45:07.430 [pool-1-thread-2] INFO  o.a.r.ProjectRClassFinder:50 - Found project R class: com.projectzero.library.R
15:45:07.434 [pool-1-thread-2] INFO  o.a.r.AndroidRClassFinder:44 - Found Android class: android.R
15:45:07.453 [pool-1-thread-2] INFO  o.a.p.ModelValidator:42 - Validating elements
15:45:07.453 [pool-1-thread-2] DEBUG o.a.p.ModelValidator:62 - Validating with EActivityHandler: [com.projectzero.library.base.BaseActivity]
15:45:07.457 [pool-1-thread-2] WARN  o.a.h.AnnotationHelper:110 - The component BaseActivity_ is not registered in the AndroidManifest.xml file.
15:45:07.458 [pool-1-thread-2] DEBUG o.a.p.ModelValidator:62 - Validating with UiThreadHandler: [renderViewVisble(android.view.View,int), showLoadingProgress(int,java.lang.String...), closeLoadingProgress(), showToast(java.lang.String,int), showWarningDialog(java.lang.String,java.lang.String,android.content.DialogInterface.OnClickListener), showWarningDialog(java.lang.String,java.lang.String,android.content.DialogInterface.OnClickListener,android.content.DialogInterface.OnClickListener), closeWarningDialog(), onUiFinish()]
15:45:07.468 [pool-1-thread-2] INFO  o.a.p.ModelProcessor:73 - Processing root elements
15:45:07.468 [pool-1-thread-2] DEBUG o.a.p.ModelProcessor:80 - Processing root elements EActivityHandler: [com.projectzero.library.base.BaseActivity]
15:45:07.489 [pool-1-thread-2] INFO  o.a.p.ModelProcessor:104 - Processing enclosed elements
15:45:07.494 [pool-1-thread-2] INFO  o.a.AndroidAnnotationProcessor:251 - Number of files generated by AndroidAnnotations: 1
15:45:07.496 [pool-1-thread-2] INFO  o.a.g.ApiCodeGenerator:52 - Writting following API classes in project: []
15:45:07.497 [pool-1-thread-2] DEBUG o.a.g.SourceCodewriter:55 - Generating class: com.projectzero.library.base.BaseActivity_
15:45:07.511 [pool-1-thread-2] INFO  o.a.p.TimeStats:81 - Time measurements: [Whole Processing = 112 ms], [Process Annotations = 34 ms], [Extract Annotations = 18 ms], [Generate Sources = 17 ms], [Find R Classes = 16 ms], [Extract Manifest = 12 ms], [Validate Annotations = 8 ms], 
15:45:07.512 [pool-1-thread-2] INFO  o.a.AndroidAnnotationProcessor:123 - Finish processing
15:45:42.427 [pool-1-thread-2] INFO  o.a.AndroidAnnotationProcessor:85 - Initialize AndroidAnnotations 3.0.1 with options {}
15:45:42.468 [pool-1-thread-2] INFO  o.a.AndroidAnnotationProcessor:109 - Start processing for 2 annotations on 112 elements
15:45:42.483 [pool-1-thread-2] DEBUG o.a.h.AndroidManifestFinder:137 - AndroidManifest.xml file found in parent folder F:\android_base_proj\AndroidLibrary: F:\android_base_proj\AndroidLibrary\AndroidManifest.xml
15:45:42.490 [pool-1-thread-2] INFO  o.a.AndroidAnnotationProcessor:172 - AndroidManifest.xml found: AndroidManifest [applicationPackage=com.projectzero.library, componentQualifiedNames=[], permissionQualifiedNames=[], applicationClassName=null, libraryProject=false, debugabble=false, minSdkVersion=14, maxSdkVersion=-1, targetSdkVersion=19]
15:45:42.491 [pool-1-thread-2] INFO  o.a.r.ProjectRClassFinder:50 - Found project R class: com.projectzero.library.R
15:45:42.494 [pool-1-thread-2] INFO  o.a.r.AndroidRClassFinder:44 - Found Android class: android.R
15:45:42.506 [pool-1-thread-2] INFO  o.a.p.ModelValidator:42 - Validating elements
15:45:42.506 [pool-1-thread-2] DEBUG o.a.p.ModelValidator:62 - Validating with EActivityHandler: [com.projectzero.library.base.BaseActivity]
15:45:42.509 [pool-1-thread-2] WARN  o.a.h.AnnotationHelper:110 - The component BaseActivity_ is not registered in the AndroidManifest.xml file.
15:45:42.510 [pool-1-thread-2] DEBUG o.a.p.ModelValidator:62 - Validating with UiThreadHandler: [renderViewVisble(android.view.View,int), showLoadingProgress(int,java.lang.String...), closeLoadingProgress(), showToast(java.lang.String,int), showWarningDialog(java.lang.String,java.lang.String,android.content.DialogInterface.OnClickListener), showWarningDialog(java.lang.String,java.lang.String,android.content.DialogInterface.OnClickListener,android.content.DialogInterface.OnClickListener), closeWarningDialog(), onUiFinish()]
15:45:42.516 [pool-1-thread-2] INFO  o.a.p.ModelProcessor:73 - Processing root elements
15:45:42.516 [pool-1-thread-2] DEBUG o.a.p.ModelProcessor:80 - Processing root elements EActivityHandler: [com.projectzero.library.base.BaseActivity]
15:45:42.533 [pool-1-thread-2] INFO  o.a.p.ModelProcessor:104 - Processing enclosed elements
15:45:42.536 [pool-1-thread-2] INFO  o.a.AndroidAnnotationProcessor:251 - Number of files generated by AndroidAnnotations: 1
15:45:42.537 [pool-1-thread-2] INFO  o.a.g.ApiCodeGenerator:52 - Writting following API classes in project: []
15:45:42.538 [pool-1-thread-2] DEBUG o.a.g.SourceCodewriter:55 - Generating class: com.projectzero.library.base.BaseActivity_
15:45:42.550 [pool-1-thread-2] INFO  o.a.p.TimeStats:81 - Time measurements: [Whole Processing = 82 ms], [Process Annotations = 25 ms], [Extract Annotations = 14 ms], [Generate Sources = 13 ms], [Find R Classes = 11 ms], [Extract Manifest = 8 ms], [Validate Annotations = 5 ms], 
15:45:42.550 [pool-1-thread-2] INFO  o.a.AndroidAnnotationProcessor:123 - Finish processing
14:44:43.143 [pool-1-thread-2] INFO  o.a.AndroidAnnotationProcessor:85 - Initialize AndroidAnnotations 3.0.1 with options {}
14:44:43.230 [pool-1-thread-2] INFO  o.a.AndroidAnnotationProcessor:109 - Start processing for 2 annotations on 112 elements
14:44:43.246 [pool-1-thread-2] DEBUG o.a.h.AndroidManifestFinder:137 - AndroidManifest.xml file found in parent folder F:\android_base_proj\AndroidLibrary: F:\android_base_proj\AndroidLibrary\AndroidManifest.xml
14:44:43.313 [pool-1-thread-2] INFO  o.a.AndroidAnnotationProcessor:172 - AndroidManifest.xml found: AndroidManifest [applicationPackage=com.projectzero.library, componentQualifiedNames=[], permissionQualifiedNames=[], applicationClassName=null, libraryProject=false, debugabble=false, minSdkVersion=14, maxSdkVersion=-1, targetSdkVersion=19]
14:44:43.314 [pool-1-thread-2] INFO  o.a.r.ProjectRClassFinder:50 - Found project R class: com.projectzero.library.R
14:44:43.316 [pool-1-thread-2] INFO  o.a.r.AndroidRClassFinder:44 - Found Android class: android.R
14:44:43.335 [pool-1-thread-2] INFO  o.a.p.ModelValidator:42 - Validating elements
14:44:43.335 [pool-1-thread-2] DEBUG o.a.p.ModelValidator:62 - Validating with EActivityHandler: [com.projectzero.library.base.BaseActivity]
14:44:43.339 [pool-1-thread-2] WARN  o.a.h.AnnotationHelper:110 - The component BaseActivity_ is not registered in the AndroidManifest.xml file.
14:44:43.340 [pool-1-thread-2] DEBUG o.a.p.ModelValidator:62 - Validating with UiThreadHandler: [renderViewVisble(android.view.View,int), showLoadingProgress(int,java.lang.String...), closeLoadingProgress(), showToast(java.lang.String,int), showWarningDialog(java.lang.String,java.lang.String,android.content.DialogInterface.OnClickListener), showWarningDialog(java.lang.String,java.lang.String,android.content.DialogInterface.OnClickListener,android.content.DialogInterface.OnClickListener), closeWarningDialog(), onUiFinish()]
14:44:43.377 [pool-1-thread-2] INFO  o.a.p.ModelProcessor:73 - Processing root elements
14:44:43.378 [pool-1-thread-2] DEBUG o.a.p.ModelProcessor:80 - Processing root elements EActivityHandler: [com.projectzero.library.base.BaseActivity]
14:44:43.397 [pool-1-thread-2] INFO  o.a.p.ModelProcessor:104 - Processing enclosed elements
14:44:43.401 [pool-1-thread-2] INFO  o.a.AndroidAnnotationProcessor:251 - Number of files generated by AndroidAnnotations: 1
14:44:43.402 [pool-1-thread-2] INFO  o.a.g.ApiCodeGenerator:52 - Writting following API classes in project: []
14:44:43.403 [pool-1-thread-2] DEBUG o.a.g.SourceCodewriter:55 - Generating class: com.projectzero.library.base.BaseActivity_
14:44:43.415 [pool-1-thread-2] INFO  o.a.p.TimeStats:81 - Time measurements: [Whole Processing = 184 ms], [Extract Manifest = 68 ms], [Process Annotations = 60 ms], [Extract Annotations = 15 ms], [Find R Classes = 13 ms], [Generate Sources = 13 ms], [Validate Annotations = 6 ms], 
14:44:43.415 [pool-1-thread-2] INFO  o.a.AndroidAnnotationProcessor:123 - Finish processing
